  ExcelHandler.cpp
     Creating library C:\Users\GEEK\source\repos\xlnt_excell_dll\Debug\mt5Excel.lib and object C:\Users\GEEK\source\repos\xlnt_excell_dll\Debug\mt5Excel.exp
ExcelHandler.obj : error LNK2019: unresolved external symbol "public: __thiscall xlnt::column_t::column_t(unsigned int)" (??0column_t@xlnt@@QAE@I@Z) referenced in function _WriteToXlsx@12
ExcelHandler.obj : error LNK2019: unresolved external symbol "public: void __thiscall xlnt::cell::value(class std::basic_string<char,struct std::char_traits<char>,class std::allocator<char> > const &)" (?value@cell@xlnt@@QAEXABV?$basic_string@DU?$char_traits@D@std@@V?$allocator@D@2@@std@@@Z) referenced in function _WriteToXlsx@12
ExcelHandler.obj : error LNK2019: unresolved external symbol "public: class std::basic_string<char,struct std::char_traits<char>,class std::allocator<char> > __thiscall xlnt::cell::to_string(void)const " (?to_string@cell@xlnt@@QBE?AV?$basic_string@DU?$char_traits@D@std@@V?$allocator@D@2@@std@@XZ) referenced in function _ReadRow@20
ExcelHandler.obj : error LNK2019: unresolved external symbol "public: class std::basic_string<char,struct std::char_traits<char>,class std::allocator<char> > __thiscall xlnt::cell::value<class std::basic_string<char,struct std::char_traits<char>,class std::allocator<char> > >(void)const " (??$value@V?$basic_string@DU?$char_traits@D@std@@V?$allocator@D@2@@std@@@cell@xlnt@@QBE?AV?$basic_string@DU?$char_traits@D@std@@V?$allocator@D@2@@std@@XZ) referenced in function _ReadRow@20
ExcelHandler.obj : error LNK2019: unresolved external symbol "public: __thiscall xlnt::cell_reference::cell_reference(char const *)" (??0cell_reference@xlnt@@QAE@PBD@Z) referenced in function _ReadRow@20
ExcelHandler.obj : error LNK2019: unresolved external symbol "public: __thiscall xlnt::workbook::workbook(void)" (??0workbook@xlnt@@QAE@XZ) referenced in function _ReadRow@20
ExcelHandler.obj : error LNK2019: unresolved external symbol "public: __thiscall xlnt::workbook::~workbook(void)" (??1workbook@xlnt@@QAE@XZ) referenced in function _ReadRow@20
ExcelHandler.obj : error LNK2019: unresolved external symbol "public: class xlnt::worksheet __thiscall xlnt::workbook::create_sheet(void)" (?create_sheet@workbook@xlnt@@QAE?AVworksheet@2@XZ) referenced in function _WriteToXlsx@12
ExcelHandler.obj : error LNK2019: unresolved external symbol "public: class xlnt::worksheet __thiscall xlnt::workbook::sheet_by_title(class std::basic_string<char,struct std::char_traits<char>,class std::allocator<char> > const &)" (?sheet_by_title@workbook@xlnt@@QAE?AVworksheet@2@ABV?$basic_string@DU?$char_traits@D@std@@V?$allocator@D@2@@std@@@Z) referenced in function _ReadRow@20
ExcelHandler.obj : error LNK2019: unresolved external symbol "public: class std::vector<class std::basic_string<char,struct std::char_traits<char>,class std::allocator<char> >,class std::allocator<class std::basic_string<char,struct std::char_traits<char>,class std::allocator<char> > > > __thiscall xlnt::workbook::sheet_titles(void)const " (?sheet_titles@workbook@xlnt@@QBE?AV?$vector@V?$basic_string@DU?$char_traits@D@std@@V?$allocator@D@2@@std@@V?$allocator@V?$basic_string@DU?$char_traits@D@std@@V?$allocator@D@2@@std@@@2@@std@@XZ) referenced in function _ReadRow@20
ExcelHandler.obj : error LNK2019: unresolved external symbol "public: void __thiscall xlnt::workbook::save(class std::basic_string<char,struct std::char_traits<char>,class std::allocator<char> > const &)const " (?save@workbook@xlnt@@QBEXABV?$basic_string@DU?$char_traits@D@std@@V?$allocator@D@2@@std@@@Z) referenced in function _WriteToXlsx@12
ExcelHandler.obj : error LNK2019: unresolved external symbol "public: void __thiscall xlnt::workbook::load(class std::basic_string<char,struct std::char_traits<char>,class std::allocator<char> > const &)" (?load@workbook@xlnt@@QAEXABV?$basic_string@DU?$char_traits@D@std@@V?$allocator@D@2@@std@@@Z) referenced in function _ReadRow@20
ExcelHandler.obj : error LNK2019: unresolved external symbol "public: __thiscall xlnt::worksheet::worksheet(void)" (??0worksheet@xlnt@@QAE@XZ) referenced in function _ReadRow@20
ExcelHandler.obj : error LNK2019: unresolved external symbol "public: void __thiscall xlnt::worksheet::title(class std::basic_string<char,struct std::char_traits<char>,class std::allocator<char> > const &)" (?title@worksheet@xlnt@@QAEXABV?$basic_string@DU?$char_traits@D@std@@V?$allocator@D@2@@std@@@Z) referenced in function _WriteToXlsx@12
ExcelHandler.obj : error LNK2019: unresolved external symbol "public: class xlnt::cell __thiscall xlnt::worksheet::cell(class xlnt::cell_reference const &)" (?cell@worksheet@xlnt@@QAE?AV02@ABVcell_reference@2@@Z) referenced in function _ReadRow@20
ExcelHandler.obj : error LNK2019: unresolved external symbol "public: class xlnt::cell __thiscall xlnt::worksheet::cell(class xlnt::column_t,unsigned int)" (?cell@worksheet@xlnt@@QAE?AV02@Vcolumn_t@2@I@Z) referenced in function _WriteToXlsx@12
ExcelHandler.obj : error LNK2019: unresolved external symbol "public: class xlnt::range __thiscall xlnt::worksheet::rows(bool)" (?rows@worksheet@xlnt@@QAE?AVrange@2@_N@Z) referenced in function _ReadRow@20
ExcelHandler.obj : error LNK2019: unresolved external symbol "public: unsigned int __thiscall xlnt::worksheet::highest_row(void)const " (?highest_row@worksheet@xlnt@@QBEIXZ) referenced in function _ReadRow@20
ExcelHandler.obj : error LNK2019: unresolved external symbol "public: void __thiscall xlnt::worksheet::operator=(class xlnt::worksheet const &)" (??4worksheet@xlnt@@QAEXABV01@@Z) referenced in function _ReadRow@20
ExcelHandler.obj : error LNK2019: unresolved external symbol "public: class xlnt::cell __thiscall xlnt::cell_iterator::operator*(void)" (??Dcell_iterator@xlnt@@QAE?AVcell@1@XZ) referenced in function _ReadRow@20
ExcelHandler.obj : error LNK2019: unresolved external symbol "public: bool __thiscall xlnt::cell_iterator::operator!=(class xlnt::cell_iterator const &)const " (??9cell_iterator@xlnt@@QBE_NABV01@@Z) referenced in function _ReadRow@20
ExcelHandler.obj : error LNK2019: unresolved external symbol "public: class xlnt::cell_iterator & __thiscall xlnt::cell_iterator::operator++(void)" (??Ecell_iterator@xlnt@@QAEAAV01@XZ) referenced in function _ReadRow@20
ExcelHandler.obj : error LNK2019: unresolved external symbol "public: class xlnt::cell_iterator __thiscall xlnt::cell_vector::begin(void)" (?begin@cell_vector@xlnt@@QAE?AVcell_iterator@2@XZ) referenced in function _ReadRow@20
ExcelHandler.obj : error LNK2019: unresolved external symbol "public: class xlnt::cell_iterator __thiscall xlnt::cell_vector::end(void)" (?end@cell_vector@xlnt@@QAE?AVcell_iterator@2@XZ) referenced in function _ReadRow@20
ExcelHandler.obj : error LNK2019: unresolved external symbol "public: class xlnt::cell_vector __thiscall xlnt::range_iterator::operator*(void)" (??Drange_iterator@xlnt@@QAE?AVcell_vector@1@XZ) referenced in function _ReadRow@20
ExcelHandler.obj : error LNK2019: unresolved external symbol "public: class xlnt::range_iterator & __thiscall xlnt::range_iterator::operator--(void)" (??Frange_iterator@xlnt@@QAEAAV01@XZ) referenced in function "void __cdecl std::advance<class xlnt::range_iterator,int>(class xlnt::range_iterator &,int)" (??$advance@Vrange_iterator@xlnt@@H@std@@YAXAAVrange_iterator@xlnt@@H@Z)
ExcelHandler.obj : error LNK2019: unresolved external symbol "public: class xlnt::range_iterator & __thiscall xlnt::range_iterator::operator++(void)" (??Erange_iterator@xlnt@@QAEAAV01@XZ) referenced in function "void __cdecl std::advance<class xlnt::range_iterator,int>(class xlnt::range_iterator &,int)" (??$advance@Vrange_iterator@xlnt@@H@std@@YAXAAVrange_iterator@xlnt@@H@Z)
ExcelHandler.obj : error LNK2019: unresolved external symbol "public: __thiscall xlnt::range::~range(void)" (??1range@xlnt@@QAE@XZ) referenced in function _ReadRow@20
ExcelHandler.obj : error LNK2019: unresolved external symbol "public: class xlnt::range_iterator __thiscall xlnt::range::begin(void)" (?begin@range@xlnt@@QAE?AVrange_iterator@2@XZ) referenced in function _ReadRow@20
C:\Users\GEEK\Desktop\xlnt\source\source\Debug\xlntd.lib : warning LNK4272: library machine type 'x64' conflicts with target machine type 'x86'
C:\Users\GEEK\source\repos\xlnt_excell_dll\Debug\mt5Excel.dll : fatal error LNK1120: 29 unresolved externals
